#! /usr/bin/vvp
:ivl_version "11.0 (stable)";
:ivl_delay_selection "TYPICAL";
:vpi_time_precision - 12;
:vpi_module "/usr/lib/x86_64-linux-gnu/ivl/system.vpi";
:vpi_module "/usr/lib/x86_64-linux-gnu/ivl/vhdl_sys.vpi";
:vpi_module "/usr/lib/x86_64-linux-gnu/ivl/vhdl_textio.vpi";
:vpi_module "/usr/lib/x86_64-linux-gnu/ivl/v2005_math.vpi";
:vpi_module "/usr/lib/x86_64-linux-gnu/ivl/va_math.vpi";
S_0x5d72a40a7bc0 .scope module, "sobel" "sobel" 2 3;
 .timescale -9 -12;
    .port_info 0 /INPUT 1 "clk";
    .port_info 1 /INPUT 8 "p00";
    .port_info 2 /INPUT 8 "p01";
    .port_info 3 /INPUT 8 "p02";
    .port_info 4 /INPUT 8 "p10";
    .port_info 5 /INPUT 8 "p11";
    .port_info 6 /INPUT 8 "p12";
    .port_info 7 /INPUT 8 "p20";
    .port_info 8 /INPUT 8 "p21";
    .port_info 9 /INPUT 8 "p22";
    .port_info 10 /INPUT 1 "start";
    .port_info 11 /INPUT 1 "reset";
    .port_info 12 /OUTPUT 8 "magnitude";
    .port_info 13 /OUTPUT 1 "done";
P_0x5d72a40ac260 .param/l "threshold" 0 2 13, +C4<00000000000000000000000010010110>;
v0x5d72a40dde40_0 .var "abs_gx", 10 0;
v0x5d72a40b1fa0_0 .var "abs_gy", 10 0;
o0x7bf7e59cf078 .functor BUFZ 1, C4<z>; HiZ drive
v0x5d72a410c440_0 .net "clk", 0 0, o0x7bf7e59cf078;  0 drivers
v0x5d72a410c510_0 .var "done", 0 0;
v0x5d72a410c5d0_0 .var/s "gx", 10 0;
v0x5d72a410c700_0 .var/s "gy", 10 0;
v0x5d72a410c7e0_0 .var "magnitude", 7 0;
v0x5d72a410c8c0_0 .net "magnitude_sum", 10 0, L_0x5d72a4110910;  1 drivers
o0x7bf7e59cf198 .functor BUFZ 8, C4<zzzzzzzz>; HiZ drive
v0x5d72a410c9a0_0 .net "p00", 7 0, o0x7bf7e59cf198;  0 drivers
o0x7bf7e59cf1c8 .functor BUFZ 8, C4<zzzzzzzz>; HiZ drive
v0x5d72a410ca80_0 .net "p01", 7 0, o0x7bf7e59cf1c8;  0 drivers
o0x7bf7e59cf1f8 .functor BUFZ 8, C4<zzzzzzzz>; HiZ drive
v0x5d72a410cb60_0 .net "p02", 7 0, o0x7bf7e59cf1f8;  0 drivers
o0x7bf7e59cf228 .functor BUFZ 8, C4<zzzzzzzz>; HiZ drive
v0x5d72a410cc40_0 .net "p10", 7 0, o0x7bf7e59cf228;  0 drivers
o0x7bf7e59cf258 .functor BUFZ 8, C4<zzzzzzzz>; HiZ drive
v0x5d72a410cd20_0 .net "p11", 7 0, o0x7bf7e59cf258;  0 drivers
o0x7bf7e59cf288 .functor BUFZ 8, C4<zzzzzzzz>; HiZ drive
v0x5d72a410ce00_0 .net "p12", 7 0, o0x7bf7e59cf288;  0 drivers
o0x7bf7e59cf2b8 .functor BUFZ 8, C4<zzzzzzzz>; HiZ drive
v0x5d72a410cee0_0 .net "p20", 7 0, o0x7bf7e59cf2b8;  0 drivers
o0x7bf7e59cf2e8 .functor BUFZ 8, C4<zzzzzzzz>; HiZ drive
v0x5d72a410cfc0_0 .net "p21", 7 0, o0x7bf7e59cf2e8;  0 drivers
o0x7bf7e59cf318 .functor BUFZ 8, C4<zzzzzzzz>; HiZ drive
v0x5d72a410d0a0_0 .net "p22", 7 0, o0x7bf7e59cf318;  0 drivers
o0x7bf7e59cf348 .functor BUFZ 1, C4<z>; HiZ drive
v0x5d72a410d180_0 .net "reset", 0 0, o0x7bf7e59cf348;  0 drivers
o0x7bf7e59cf378 .functor BUFZ 1, C4<z>; HiZ drive
v0x5d72a410d240_0 .net "start", 0 0, o0x7bf7e59cf378;  0 drivers
E_0x5d72a40bcc90 .event posedge, v0x5d72a410c440_0;
L_0x5d72a4110910 .arith/sum 11, v0x5d72a40dde40_0, v0x5d72a40b1fa0_0;
S_0x5d72a40dade0 .scope module, "tb" "tb" 3 170;
 .timescale -9 -9;
P_0x5d72a40daf70 .param/str "outputFile" 0 3 172, "out/sobel.hex";
L_0x5d72a41110a0 .functor AND 1, v0x5d72a4110240_0, v0x5d72a410e610_0, C4<1>, C4<1>;
L_0x5d72a41111a0 .functor AND 1, v0x5d72a4110240_0, v0x5d72a410fba0_0, C4<1>, C4<1>;
v0x5d72a41100a0_0 .net *"_ivl_2", 0 0, L_0x5d72a41110a0;  1 drivers
v0x5d72a4110180_0 .net *"_ivl_6", 0 0, L_0x5d72a41111a0;  1 drivers
v0x5d72a4110240_0 .var "clk", 0 0;
v0x5d72a4110310_0 .net "doneFlag", 0 0, v0x5d72a410e610_0;  1 drivers
v0x5d72a41103e0_0 .var/i "file", 31 0;
v0x5d72a4110480_0 .var/i "pew", 31 0;
v0x5d72a4110540_0 .net "pixel_stream", 7 0, v0x5d72a410f7f0_0;  1 drivers
v0x5d72a4110600_0 .var "reset", 0 0;
v0x5d72a41106d0_0 .net "sendFlag", 0 0, v0x5d72a410fba0_0;  1 drivers
v0x5d72a41107a0_0 .var "startFlag", 0 0;
v0x5d72a4110870_0 .var/i "temp", 31 0;
E_0x5d72a40bc9d0 .event posedge, L_0x5d72a41111a0;
E_0x5d72a40a69b0 .event posedge, L_0x5d72a41110a0;
S_0x5d72a410d520 .scope module, "r1" "read_image" 3 228, 3 3 0, S_0x5d72a40dade0;
 .timescale -9 -9;
    .port_info 0 /INPUT 1 "clock";
    .port_info 1 /INPUT 1 "startFlag";
    .port_info 2 /INPUT 1 "reset";
    .port_info 3 /OUTPUT 8 "pixel";
    .port_info 4 /OUTPUT 1 "sendFlag";
    .port_info 5 /OUTPUT 1 "doneFlag";
P_0x5d72a410d6d0 .param/str "FILENAME" 0 3 8, "img/mage.hex";
P_0x5d72a410d710 .param/l "HEIGHT" 0 3 5, +C4<00000000000000000000001000000000>;
P_0x5d72a410d750 .param/l "MAX_SIZE" 0 3 7, +C4<0000000000000000000000000000000000000000000001000000000000000000>;
P_0x5d72a410d790 .param/l "START_UP_DELAY" 0 3 6, +C4<00000000000000000000000001100100>;
P_0x5d72a410d7d0 .param/l "WIDTH" 0 3 4, +C4<00000000000000000000001000000000>;
P_0x5d72a410d810 .param/l "threshold" 0 3 45, +C4<00000000000000000000000010010110>;
L_0x5d72a40b08b0 .functor AND 1, v0x5d72a41107a0_0, L_0x5d72a4110a40, C4<1>, C4<1>;
L_0x5d72a4110bb0 .functor AND 1, v0x5d72a4110240_0, v0x5d72a410ef50_0, C4<1>, C4<1>;
L_0x5d72a4110d10 .functor AND 1, L_0x5d72a4110bb0, L_0x5d72a4110c70, C4<1>, C4<1>;
L_0x5d72a4110e50 .functor AND 1, v0x5d72a4110240_0, v0x5d72a410fba0_0, C4<1>, C4<1>;
L_0x5d72a4110fe0 .functor AND 1, L_0x5d72a4110e50, L_0x5d72a4110f40, C4<1>, C4<1>;
v0x5d72a410dd30_0 .net *"_ivl_10", 0 0, L_0x5d72a4110bb0;  1 drivers
v0x5d72a410ddf0_0 .net *"_ivl_12", 0 0, L_0x5d72a4110c70;  1 drivers
v0x5d72a410deb0_0 .net *"_ivl_14", 0 0, L_0x5d72a4110d10;  1 drivers
v0x5d72a410df80_0 .net *"_ivl_18", 0 0, L_0x5d72a4110e50;  1 drivers
v0x5d72a410e040_0 .net *"_ivl_20", 0 0, L_0x5d72a4110f40;  1 drivers
v0x5d72a410e150_0 .net *"_ivl_22", 0 0, L_0x5d72a4110fe0;  1 drivers
v0x5d72a410e210_0 .net *"_ivl_4", 0 0, L_0x5d72a4110a40;  1 drivers
v0x5d72a410e2d0_0 .net *"_ivl_6", 0 0, L_0x5d72a40b08b0;  1 drivers
v0x5d72a410e390_0 .var "abs_gx", 11 0;
v0x5d72a410e470_0 .var "abs_gy", 11 0;
v0x5d72a410e550_0 .net "clock", 0 0, v0x5d72a4110240_0;  1 drivers
v0x5d72a410e610_0 .var "doneFlag", 0 0;
v0x5d72a410e6d0_0 .var "duration", 63 0;
v0x5d72a410e7b0_0 .var/s "gx", 11 0;
v0x5d72a410e890_0 .var/s "gy", 11 0;
v0x5d72a410e970_0 .var "i", 9 0;
v0x5d72a410ea50 .array "img", 262143 0, 7 0;
v0x5d72a410eb10 .array "img2", 262143 0, 7 0;
v0x5d72a410ebd0_0 .var "j", 9 0;
v0x5d72a410ecb0_0 .var "k1", 8 0;
v0x5d72a410ed90_0 .var "k2", 8 0;
v0x5d72a410ee70_0 .var "magnitude_sum", 11 0;
v0x5d72a410ef50_0 .var "medianFlag", 0 0;
v0x5d72a410f010_0 .var "p00", 7 0;
v0x5d72a410f0f0_0 .var "p01", 7 0;
v0x5d72a410f1d0_0 .var "p02", 7 0;
v0x5d72a410f2b0_0 .var "p10", 7 0;
v0x5d72a410f390_0 .var "p11", 7 0;
v0x5d72a410f470_0 .var "p12", 7 0;
v0x5d72a410f550_0 .var "p20", 7 0;
v0x5d72a410f630_0 .var "p21", 7 0;
v0x5d72a410f710_0 .var "p22", 7 0;
v0x5d72a410f7f0_0 .var "pixel", 7 0;
v0x5d72a410fae0_0 .net "reset", 0 0, v0x5d72a4110600_0;  1 drivers
v0x5d72a410fba0_0 .var "sendFlag", 0 0;
v0x5d72a410fc60 .array "sorter", 8 0, 7 0;
v0x5d72a410fd20_0 .net "startFlag", 0 0, v0x5d72a41107a0_0;  1 drivers
v0x5d72a410fde0_0 .var "t_end", 63 0;
v0x5d72a410fec0_0 .var "t_start", 63 0;
E_0x5d72a40ee790 .event posedge, L_0x5d72a4110fe0;
E_0x5d72a40ee7d0 .event posedge, L_0x5d72a4110d10;
E_0x5d72a410dc40 .event posedge, L_0x5d72a40b08b0;
E_0x5d72a410dca0 .event edge, v0x5d72a410fae0_0;
L_0x5d72a4110a40 .reduce/nor v0x5d72a4110600_0;
L_0x5d72a4110c70 .reduce/nor v0x5d72a4110600_0;
L_0x5d72a4110f40 .reduce/nor v0x5d72a4110600_0;
    .scope S_0x5d72a40a7bc0;
T_0 ;
    %wait E_0x5d72a40bcc90;
    %load/vec4 v0x5d72a410cb60_0;
    %pad/u 11;
    %load/vec4 v0x5d72a410ce00_0;
    %pad/u 11;
    %ix/load 4, 1, 0;
    %flag_set/imm 4, 0;
    %shiftl 4;
    %add;
    %load/vec4 v0x5d72a410d0a0_0;
    %pad/u 11;
    %add;
    %load/vec4 v0x5d72a410c9a0_0;
    %pad/u 11;
    %load/vec4 v0x5d72a410cc40_0;
    %pad/u 11;
    %ix/load 4, 1, 0;
    %flag_set/imm 4, 0;
    %shiftl 4;
    %add;
    %load/vec4 v0x5d72a410cee0_0;
    %pad/u 11;
    %add;
    %sub;
    %store/vec4 v0x5d72a410c5d0_0, 0, 11;
    %load/vec4 v0x5d72a410cee0_0;
    %pad/u 11;
    %load/vec4 v0x5d72a410cfc0_0;
    %pad/u 11;
    %ix/load 4, 1, 0;
    %flag_set/imm 4, 0;
    %shiftl 4;
    %add;
    %load/vec4 v0x5d72a410d0a0_0;
    %pad/u 11;
    %add;
    %load/vec4 v0x5d72a410c9a0_0;
    %pad/u 11;
    %load/vec4 v0x5d72a410ca80_0;
    %pad/u 11;
    %ix/load 4, 1, 0;
    %flag_set/imm 4, 0;
    %shiftl 4;
    %add;
    %load/vec4 v0x5d72a410cb60_0;
    %pad/u 11;
    %add;
    %sub;
    %store/vec4 v0x5d72a410c700_0, 0, 11;
    %load/vec4 v0x5d72a410c5d0_0;
    %pad/s 32;
    %cmpi/s 0, 0, 32;
    %flag_mov 8, 5;
    %jmp/0 T_0.0, 8;
    %load/vec4 v0x5d72a410c5d0_0;
    %inv;
    %pushi/vec4 1, 0, 11;
    %add;
    %jmp/1 T_0.1, 8;
T_0.0 ; End of true expr.
    %load/vec4 v0x5d72a410c5d0_0;
    %jmp/0 T_0.1, 8;
 ; End of false expr.
    %blend;
T_0.1;
    %store/vec4 v0x5d72a40dde40_0, 0, 11;
    %load/vec4 v0x5d72a410c700_0;
    %pad/s 32;
    %cmpi/s 0, 0, 32;
    %flag_mov 8, 5;
    %jmp/0 T_0.2, 8;
    %load/vec4 v0x5d72a410c700_0;
    %inv;
    %pushi/vec4 1, 0, 11;
    %add;
    %jmp/1 T_0.3, 8;
T_0.2 ; End of true expr.
    %load/vec4 v0x5d72a410c700_0;
    %jmp/0 T_0.3, 8;
 ; End of false expr.
    %blend;
T_0.3;
    %store/vec4 v0x5d72a40b1fa0_0, 0, 11;
    %jmp T_0;
    .thread T_0;
    .scope S_0x5d72a40a7bc0;
T_1 ;
    %wait E_0x5d72a40bcc90;
    %load/vec4 v0x5d72a410c8c0_0;
    %pad/u 32;
    %cmpi/u 150, 0, 32;
    %flag_or 5, 4; GT is !LE
    %flag_inv 5;
    %flag_mov 8, 5;
    %jmp/0 T_1.0, 8;
    %pushi/vec4 255, 0, 8;
    %jmp/1 T_1.1, 8;
T_1.0 ; End of true expr.
    %pushi/vec4 0, 0, 8;
    %jmp/0 T_1.1, 8;
 ; End of false expr.
    %blend;
T_1.1;
    %assign/vec4 v0x5d72a410c7e0_0, 0;
    %jmp T_1;
    .thread T_1;
    .scope S_0x5d72a410d520;
T_2 ;
    %wait E_0x5d72a410dca0;
    %pushi/vec4 0, 0, 1;
    %store/vec4 v0x5d72a410ef50_0, 0, 1;
    %pushi/vec4 0, 0, 10;
    %store/vec4 v0x5d72a410e970_0, 0, 10;
    %pushi/vec4 0, 0, 10;
    %store/vec4 v0x5d72a410ebd0_0, 0, 10;
    %pushi/vec4 0, 0, 1;
    %store/vec4 v0x5d72a410fba0_0, 0, 1;
    %pushi/vec4 0, 0, 1;
    %store/vec4 v0x5d72a410e610_0, 0, 1;
    %jmp T_2;
    .thread T_2, $push;
    .scope S_0x5d72a410d520;
T_3 ;
    %wait E_0x5d72a410dc40;
    %vpi_call 3 64 "$readmemh", P_0x5d72a410d6d0, v0x5d72a410ea50, 32'sb00000000000000000000000000000000, 64'sb0000000000000000000000000000000000000000000000111111111111111111 {0 0 0};
    %delay 2097152000, 0;
    %pushi/vec4 1, 0, 1;
    %store/vec4 v0x5d72a410ef50_0, 0, 1;
    %vpi_func 3 67 "$time" 64 {0 0 0};
    %store/vec4 v0x5d72a410fec0_0, 0, 64;
    %jmp T_3;
    .thread T_3;
    .scope S_0x5d72a410d520;
T_4 ;
    %wait E_0x5d72a40ee7d0;
    %pushi/vec4 0, 0, 10;
    %store/vec4 v0x5d72a410e970_0, 0, 10;
    %pushi/vec4 0, 0, 10;
    %store/vec4 v0x5d72a410ebd0_0, 0, 10;
    %pushi/vec4 0, 0, 9;
    %store/vec4 v0x5d72a410ecb0_0, 0, 9;
    %pushi/vec4 0, 0, 9;
    %store/vec4 v0x5d72a410ed90_0, 0, 9;
    %pushi/vec4 0, 0, 10;
    %store/vec4 v0x5d72a410e970_0, 0, 10;
T_4.0 ;
    %load/vec4 v0x5d72a410e970_0;
    %pad/u 32;
    %cmpi/u 512, 0, 32;
    %jmp/0xz T_4.1, 5;
    %pushi/vec4 0, 0, 10;
    %store/vec4 v0x5d72a410ebd0_0, 0, 10;
T_4.2 ;
    %load/vec4 v0x5d72a410ebd0_0;
    %pad/u 32;
    %cmpi/u 512, 0, 32;
    %jmp/0xz T_4.3, 5;
    %load/vec4 v0x5d72a410e970_0;
    %pad/u 32;
    %cmpi/e 0, 0, 32;
    %flag_mov 8, 4;
    %load/vec4 v0x5d72a410e970_0;
    %pad/u 32;
    %cmpi/e 511, 0, 32;
    %flag_or 4, 8;
    %flag_mov 8, 4;
    %load/vec4 v0x5d72a410ebd0_0;
    %pad/u 32;
    %cmpi/e 0, 0, 32;
    %flag_or 4, 8;
    %flag_mov 8, 4;
    %load/vec4 v0x5d72a410ebd0_0;
    %pad/u 32;
    %cmpi/e 511, 0, 32;
    %flag_or 4, 8;
    %jmp/0xz  T_4.4, 4;
    %load/vec4 v0x5d72a410e970_0;
    %pad/u 21;
    %pad/u 30;
    %muli 512, 0, 30;
    %pad/u 31;
    %load/vec4 v0x5d72a410ebd0_0;
    %pad/u 11;
    %pad/u 31;
    %add;
    %ix/vec4 4;
    %load/vec4a v0x5d72a410ea50, 4;
    %load/vec4 v0x5d72a410e970_0;
    %pad/u 21;
    %pad/u 30;
    %muli 512, 0, 30;
    %pad/u 31;
    %load/vec4 v0x5d72a410ebd0_0;
    %pad/u 11;
    %pad/u 31;
    %add;
    %ix/vec4 4;
    %store/vec4a v0x5d72a410eb10, 4, 0;
    %jmp T_4.5;
T_4.4 ;
    %load/vec4 v0x5d72a410e970_0;
    %pad/u 33;
    %subi 1, 0, 33;
    %pad/u 43;
    %pad/u 52;
    %muli 512, 0, 52;
    %pad/u 53;
    %load/vec4 v0x5d72a410ebd0_0;
    %pad/u 33;
    %subi 1, 0, 33;
    %pad/u 53;
    %add;
    %ix/vec4 4;
    %load/vec4a v0x5d72a410ea50, 4;
    %ix/load 4, 0, 0;
    %flag_set/imm 4, 0;
    %store/vec4a v0x5d72a410fc60, 4, 0;
    %load/vec4 v0x5d72a410e970_0;
    %pad/u 21;
    %pad/u 30;
    %muli 512, 0, 30;
    %pad/u 31;
    %load/vec4 v0x5d72a410ebd0_0;
    %pad/u 33;
    %subi 1, 0, 33;
    %pad/u 31;
    %add;
    %ix/vec4 4;
    %load/vec4a v0x5d72a410ea50, 4;
    %ix/load 4, 1, 0;
    %flag_set/imm 4, 0;
    %store/vec4a v0x5d72a410fc60, 4, 0;
    %load/vec4 v0x5d72a410e970_0;
    %pad/u 33;
    %addi 1, 0, 33;
    %pad/u 43;
    %pad/u 52;
    %muli 512, 0, 52;
    %pad/u 53;
    %load/vec4 v0x5d72a410ebd0_0;
    %pad/u 33;
    %subi 1, 0, 33;
    %pad/u 53;
    %add;
    %ix/vec4 4;
    %load/vec4a v0x5d72a410ea50, 4;
    %ix/load 4, 2, 0;
    %flag_set/imm 4, 0;
    %store/vec4a v0x5d72a410fc60, 4, 0;
    %load/vec4 v0x5d72a410e970_0;
    %pad/u 33;
    %subi 1, 0, 33;
    %pad/u 43;
    %pad/u 52;
    %muli 512, 0, 52;
    %pad/u 53;
    %load/vec4 v0x5d72a410ebd0_0;
    %pad/u 11;
    %pad/u 53;
    %add;
    %ix/vec4 4;
    %load/vec4a v0x5d72a410ea50, 4;
    %ix/load 4, 3, 0;
    %flag_set/imm 4, 0;
    %store/vec4a v0x5d72a410fc60, 4, 0;
    %load/vec4 v0x5d72a410e970_0;
    %pad/u 21;
    %pad/u 30;
    %muli 512, 0, 30;
    %pad/u 31;
    %load/vec4 v0x5d72a410ebd0_0;
    %pad/u 11;
    %pad/u 31;
    %add;
    %ix/vec4 4;
    %load/vec4a v0x5d72a410ea50, 4;
    %ix/load 4, 4, 0;
    %flag_set/imm 4, 0;
    %store/vec4a v0x5d72a410fc60, 4, 0;
    %load/vec4 v0x5d72a410e970_0;
    %pad/u 33;
    %addi 1, 0, 33;
    %pad/u 43;
    %pad/u 52;
    %muli 512, 0, 52;
    %pad/u 53;
    %load/vec4 v0x5d72a410ebd0_0;
    %pad/u 11;
    %pad/u 53;
    %add;
    %ix/vec4 4;
    %load/vec4a v0x5d72a410ea50, 4;
    %ix/load 4, 5, 0;
    %flag_set/imm 4, 0;
    %store/vec4a v0x5d72a410fc60, 4, 0;
    %load/vec4 v0x5d72a410e970_0;
    %pad/u 33;
    %subi 1, 0, 33;
    %pad/u 43;
    %pad/u 52;
    %muli 512, 0, 52;
    %pad/u 53;
    %load/vec4 v0x5d72a410ebd0_0;
    %pad/u 33;
    %addi 1, 0, 33;
    %pad/u 53;
    %add;
    %ix/vec4 4;
    %load/vec4a v0x5d72a410ea50, 4;
    %ix/load 4, 6, 0;
    %flag_set/imm 4, 0;
    %store/vec4a v0x5d72a410fc60, 4, 0;
    %load/vec4 v0x5d72a410e970_0;
    %pad/u 21;
    %pad/u 30;
    %muli 512, 0, 30;
    %pad/u 31;
    %load/vec4 v0x5d72a410ebd0_0;
    %pad/u 33;
    %addi 1, 0, 33;
    %pad/u 31;
    %add;
    %ix/vec4 4;
    %load/vec4a v0x5d72a410ea50, 4;
    %ix/load 4, 7, 0;
    %flag_set/imm 4, 0;
    %store/vec4a v0x5d72a410fc60, 4, 0;
    %load/vec4 v0x5d72a410e970_0;
    %pad/u 33;
    %addi 1, 0, 33;
    %pad/u 43;
    %pad/u 52;
    %muli 512, 0, 52;
    %pad/u 53;
    %load/vec4 v0x5d72a410ebd0_0;
    %pad/u 33;
    %addi 1, 0, 33;
    %pad/u 53;
    %add;
    %ix/vec4 4;
    %load/vec4a v0x5d72a410ea50, 4;
    %ix/load 4, 8, 0;
    %flag_set/imm 4, 0;
    %store/vec4a v0x5d72a410fc60, 4, 0;
    %pushi/vec4 0, 0, 9;
    %store/vec4 v0x5d72a410ecb0_0, 0, 9;
T_4.6 ;
    %load/vec4 v0x5d72a410ecb0_0;
    %pad/u 32;
    %cmpi/u 8, 0, 32;
    %jmp/0xz T_4.7, 5;
    %pushi/vec4 0, 0, 9;
    %store/vec4 v0x5d72a410ed90_0, 0, 9;
T_4.8 ;
    %load/vec4 v0x5d72a410ed90_0;
    %pad/u 32;
    %cmpi/u 8, 0, 32;
    %jmp/0xz T_4.9, 5;
    %load/vec4 v0x5d72a410ed90_0;
    %pad/u 33;
    %addi 1, 0, 33;
    %ix/vec4 4;
    %load/vec4a v0x5d72a410fc60, 4;
    %ix/getv 4, v0x5d72a410ed90_0;
    %load/vec4a v0x5d72a410fc60, 4;
    %cmp/u;
    %jmp/0xz  T_4.10, 5;
    %ix/getv 4, v0x5d72a410ed90_0;
    %load/vec4a v0x5d72a410fc60, 4;
    %load/vec4 v0x5d72a410ed90_0;
    %pad/u 33;
    %addi 1, 0, 33;
    %ix/vec4 4;
    %load/vec4a v0x5d72a410fc60, 4;
    %xor;
    %ix/getv 4, v0x5d72a410ed90_0;
    %store/vec4a v0x5d72a410fc60, 4, 0;
    %ix/getv 4, v0x5d72a410ed90_0;
    %load/vec4a v0x5d72a410fc60, 4;
    %load/vec4 v0x5d72a410ed90_0;
    %pad/u 33;
    %addi 1, 0, 33;
    %ix/vec4 4;
    %load/vec4a v0x5d72a410fc60, 4;
    %xor;
    %load/vec4 v0x5d72a410ed90_0;
    %pad/u 33;
    %addi 1, 0, 33;
    %ix/vec4 4;
    %store/vec4a v0x5d72a410fc60, 4, 0;
    %ix/getv 4, v0x5d72a410ed90_0;
    %load/vec4a v0x5d72a410fc60, 4;
    %load/vec4 v0x5d72a410ed90_0;
    %pad/u 33;
    %addi 1, 0, 33;
    %ix/vec4 4;
    %load/vec4a v0x5d72a410fc60, 4;
    %xor;
    %ix/getv 4, v0x5d72a410ed90_0;
    %store/vec4a v0x5d72a410fc60, 4, 0;
T_4.10 ;
    %load/vec4 v0x5d72a410ed90_0;
    %addi 1, 0, 9;
    %store/vec4 v0x5d72a410ed90_0, 0, 9;
    %jmp T_4.8;
T_4.9 ;
    %load/vec4 v0x5d72a410ecb0_0;
    %addi 1, 0, 9;
    %store/vec4 v0x5d72a410ecb0_0, 0, 9;
    %jmp T_4.6;
T_4.7 ;
    %ix/load 4, 4, 0;
    %flag_set/imm 4, 0;
    %load/vec4a v0x5d72a410fc60, 4;
    %load/vec4 v0x5d72a410e970_0;
    %pad/u 21;
    %pad/u 30;
    %muli 512, 0, 30;
    %pad/u 31;
    %load/vec4 v0x5d72a410ebd0_0;
    %pad/u 11;
    %pad/u 31;
    %add;
    %ix/vec4 4;
    %store/vec4a v0x5d72a410eb10, 4, 0;
T_4.5 ;
    %load/vec4 v0x5d72a410ebd0_0;
    %addi 1, 0, 10;
    %store/vec4 v0x5d72a410ebd0_0, 0, 10;
    %jmp T_4.2;
T_4.3 ;
    %load/vec4 v0x5d72a410e970_0;
    %addi 1, 0, 10;
    %store/vec4 v0x5d72a410e970_0, 0, 10;
    %jmp T_4.0;
T_4.1 ;
    %pushi/vec4 0, 0, 1;
    %store/vec4 v0x5d72a410ef50_0, 0, 1;
    %pushi/vec4 1, 0, 1;
    %store/vec4 v0x5d72a410fba0_0, 0, 1;
    %pushi/vec4 0, 0, 10;
    %store/vec4 v0x5d72a410e970_0, 0, 10;
    %pushi/vec4 0, 0, 10;
    %store/vec4 v0x5d72a410ebd0_0, 0, 10;
    %jmp T_4;
    .thread T_4;
    .scope S_0x5d72a410d520;
T_5 ;
    %wait E_0x5d72a40ee790;
    %load/vec4 v0x5d72a410e970_0;
    %pad/u 32;
    %cmpi/e 512, 0, 32;
    %jmp/0xz  T_5.0, 4;
    %pushi/vec4 1, 0, 1;
    %store/vec4 v0x5d72a410e610_0, 0, 1;
    %pushi/vec4 0, 0, 1;
    %store/vec4 v0x5d72a410fba0_0, 0, 1;
    %vpi_func 3 124 "$time" 64 {0 0 0};
    %store/vec4 v0x5d72a410fde0_0, 0, 64;
    %load/vec4 v0x5d72a410fde0_0;
    %load/vec4 v0x5d72a410fec0_0;
    %sub;
    %store/vec4 v0x5d72a410e6d0_0, 0, 64;
    %vpi_call 3 126 "$display", "Critical Time: %0t ns", v0x5d72a410e6d0_0 {0 0 0};
    %jmp T_5.1;
T_5.0 ;
    %load/vec4 v0x5d72a410e970_0;
    %pad/u 32;
    %cmpi/e 0, 0, 32;
    %flag_mov 8, 4;
    %load/vec4 v0x5d72a410e970_0;
    %pad/u 32;
    %cmpi/e 511, 0, 32;
    %flag_or 4, 8;
    %flag_mov 8, 4;
    %load/vec4 v0x5d72a410ebd0_0;
    %pad/u 32;
    %cmpi/e 0, 0, 32;
    %flag_or 4, 8;
    %flag_mov 8, 4;
    %load/vec4 v0x5d72a410ebd0_0;
    %pad/u 32;
    %cmpi/e 511, 0, 32;
    %flag_or 4, 8;
    %jmp/0xz  T_5.2, 4;
    %pushi/vec4 0, 0, 8;
    %store/vec4 v0x5d72a410f7f0_0, 0, 8;
    %jmp T_5.3;
T_5.2 ;
    %load/vec4 v0x5d72a410e970_0;
    %pad/u 33;
    %subi 1, 0, 33;
    %pad/u 43;
    %pad/u 52;
    %muli 512, 0, 52;
    %pad/u 53;
    %load/vec4 v0x5d72a410ebd0_0;
    %pad/u 33;
    %subi 1, 0, 33;
    %pad/u 53;
    %add;
    %ix/vec4 4;
    %load/vec4a v0x5d72a410eb10, 4;
    %store/vec4 v0x5d72a410f010_0, 0, 8;
    %load/vec4 v0x5d72a410e970_0;
    %pad/u 21;
    %pad/u 30;
    %muli 512, 0, 30;
    %pad/u 31;
    %load/vec4 v0x5d72a410ebd0_0;
    %pad/u 33;
    %subi 1, 0, 33;
    %pad/u 31;
    %add;
    %ix/vec4 4;
    %load/vec4a v0x5d72a410eb10, 4;
    %store/vec4 v0x5d72a410f0f0_0, 0, 8;
    %load/vec4 v0x5d72a410e970_0;
    %pad/u 33;
    %addi 1, 0, 33;
    %pad/u 43;
    %pad/u 52;
    %muli 512, 0, 52;
    %pad/u 53;
    %load/vec4 v0x5d72a410ebd0_0;
    %pad/u 33;
    %subi 1, 0, 33;
    %pad/u 53;
    %add;
    %ix/vec4 4;
    %load/vec4a v0x5d72a410eb10, 4;
    %store/vec4 v0x5d72a410f1d0_0, 0, 8;
    %load/vec4 v0x5d72a410e970_0;
    %pad/u 33;
    %subi 1, 0, 33;
    %pad/u 43;
    %pad/u 52;
    %muli 512, 0, 52;
    %pad/u 53;
    %load/vec4 v0x5d72a410ebd0_0;
    %pad/u 11;
    %pad/u 53;
    %add;
    %ix/vec4 4;
    %load/vec4a v0x5d72a410eb10, 4;
    %store/vec4 v0x5d72a410f2b0_0, 0, 8;
    %load/vec4 v0x5d72a410e970_0;
    %pad/u 21;
    %pad/u 30;
    %muli 512, 0, 30;
    %pad/u 31;
    %load/vec4 v0x5d72a410ebd0_0;
    %pad/u 11;
    %pad/u 31;
    %add;
    %ix/vec4 4;
    %load/vec4a v0x5d72a410eb10, 4;
    %store/vec4 v0x5d72a410f390_0, 0, 8;
    %load/vec4 v0x5d72a410e970_0;
    %pad/u 33;
    %addi 1, 0, 33;
    %pad/u 43;
    %pad/u 52;
    %muli 512, 0, 52;
    %pad/u 53;
    %load/vec4 v0x5d72a410ebd0_0;
    %pad/u 11;
    %pad/u 53;
    %add;
    %ix/vec4 4;
    %load/vec4a v0x5d72a410eb10, 4;
    %store/vec4 v0x5d72a410f470_0, 0, 8;
    %load/vec4 v0x5d72a410e970_0;
    %pad/u 33;
    %subi 1, 0, 33;
    %pad/u 43;
    %pad/u 52;
    %muli 512, 0, 52;
    %pad/u 53;
    %load/vec4 v0x5d72a410ebd0_0;
    %pad/u 33;
    %addi 1, 0, 33;
    %pad/u 53;
    %add;
    %ix/vec4 4;
    %load/vec4a v0x5d72a410eb10, 4;
    %store/vec4 v0x5d72a410f550_0, 0, 8;
    %load/vec4 v0x5d72a410e970_0;
    %pad/u 21;
    %pad/u 30;
    %muli 512, 0, 30;
    %pad/u 31;
    %load/vec4 v0x5d72a410ebd0_0;
    %pad/u 33;
    %addi 1, 0, 33;
    %pad/u 31;
    %add;
    %ix/vec4 4;
    %load/vec4a v0x5d72a410eb10, 4;
    %store/vec4 v0x5d72a410f630_0, 0, 8;
    %load/vec4 v0x5d72a410e970_0;
    %pad/u 33;
    %addi 1, 0, 33;
    %pad/u 43;
    %pad/u 52;
    %muli 512, 0, 52;
    %pad/u 53;
    %load/vec4 v0x5d72a410ebd0_0;
    %pad/u 33;
    %addi 1, 0, 33;
    %pad/u 53;
    %add;
    %ix/vec4 4;
    %load/vec4a v0x5d72a410eb10, 4;
    %store/vec4 v0x5d72a410f710_0, 0, 8;
    %load/vec4 v0x5d72a410f1d0_0;
    %pad/u 12;
    %load/vec4 v0x5d72a410f470_0;
    %pad/u 12;
    %ix/load 4, 1, 0;
    %flag_set/imm 4, 0;
    %shiftl 4;
    %add;
    %load/vec4 v0x5d72a410f710_0;
    %pad/u 12;
    %add;
    %load/vec4 v0x5d72a410f010_0;
    %pad/u 12;
    %load/vec4 v0x5d72a410f2b0_0;
    %pad/u 12;
    %ix/load 4, 1, 0;
    %flag_set/imm 4, 0;
    %shiftl 4;
    %add;
    %load/vec4 v0x5d72a410f550_0;
    %pad/u 12;
    %add;
    %sub;
    %store/vec4 v0x5d72a410e7b0_0, 0, 12;
    %load/vec4 v0x5d72a410f550_0;
    %pad/u 12;
    %load/vec4 v0x5d72a410f630_0;
    %pad/u 12;
    %ix/load 4, 1, 0;
    %flag_set/imm 4, 0;
    %shiftl 4;
    %add;
    %load/vec4 v0x5d72a410f710_0;
    %pad/u 12;
    %add;
    %load/vec4 v0x5d72a410f010_0;
    %pad/u 12;
    %load/vec4 v0x5d72a410f0f0_0;
    %pad/u 12;
    %ix/load 4, 1, 0;
    %flag_set/imm 4, 0;
    %shiftl 4;
    %add;
    %load/vec4 v0x5d72a410f1d0_0;
    %pad/u 12;
    %add;
    %sub;
    %store/vec4 v0x5d72a410e890_0, 0, 12;
    %load/vec4 v0x5d72a410e7b0_0;
    %pad/s 32;
    %cmpi/s 0, 0, 32;
    %flag_mov 8, 5;
    %jmp/0 T_5.4, 8;
    %load/vec4 v0x5d72a410e7b0_0;
    %inv;
    %pushi/vec4 1, 0, 12;
    %add;
    %jmp/1 T_5.5, 8;
T_5.4 ; End of true expr.
    %load/vec4 v0x5d72a410e7b0_0;
    %jmp/0 T_5.5, 8;
 ; End of false expr.
    %blend;
T_5.5;
    %store/vec4 v0x5d72a410e390_0, 0, 12;
    %load/vec4 v0x5d72a410e890_0;
    %pad/s 32;
    %cmpi/s 0, 0, 32;
    %flag_mov 8, 5;
    %jmp/0 T_5.6, 8;
    %load/vec4 v0x5d72a410e890_0;
    %inv;
    %pushi/vec4 1, 0, 12;
    %add;
    %jmp/1 T_5.7, 8;
T_5.6 ; End of true expr.
    %load/vec4 v0x5d72a410e890_0;
    %jmp/0 T_5.7, 8;
 ; End of false expr.
    %blend;
T_5.7;
    %store/vec4 v0x5d72a410e470_0, 0, 12;
    %load/vec4 v0x5d72a410e390_0;
    %load/vec4 v0x5d72a410e470_0;
    %add;
    %store/vec4 v0x5d72a410ee70_0, 0, 12;
    %load/vec4 v0x5d72a410ee70_0;
    %pad/u 32;
    %cmpi/u 150, 0, 32;
    %flag_or 5, 4; GT is !LE
    %flag_inv 5;
    %flag_mov 8, 5;
    %jmp/0 T_5.8, 8;
    %pushi/vec4 255, 0, 9;
    %jmp/1 T_5.9, 8;
T_5.8 ; End of true expr.
    %pushi/vec4 0, 0, 9;
    %jmp/0 T_5.9, 8;
 ; End of false expr.
    %blend;
T_5.9;
    %pad/s 8;
    %store/vec4 v0x5d72a410f7f0_0, 0, 8;
T_5.3 ;
T_5.1 ;
    %load/vec4 v0x5d72a410ebd0_0;
    %pad/u 32;
    %cmpi/e 511, 0, 32;
    %jmp/0xz  T_5.10, 4;
    %pushi/vec4 0, 0, 10;
    %store/vec4 v0x5d72a410ebd0_0, 0, 10;
    %load/vec4 v0x5d72a410e970_0;
    %addi 1, 0, 10;
    %store/vec4 v0x5d72a410e970_0, 0, 10;
    %jmp T_5.11;
T_5.10 ;
    %load/vec4 v0x5d72a410ebd0_0;
    %addi 1, 0, 10;
    %store/vec4 v0x5d72a410ebd0_0, 0, 10;
T_5.11 ;
    %jmp T_5;
    .thread T_5;
    .scope S_0x5d72a40dade0;
T_6 ;
    %pushi/vec4 0, 0, 32;
    %store/vec4 v0x5d72a4110480_0, 0, 32;
    %pushi/vec4 1, 0, 1;
    %store/vec4 v0x5d72a4110600_0, 0, 1;
    %pushi/vec4 0, 0, 32;
    %store/vec4 v0x5d72a4110870_0, 0, 32;
    %pushi/vec4 0, 0, 1;
    %store/vec4 v0x5d72a4110240_0, 0, 1;
    %delay 4000, 0;
    %pushi/vec4 0, 0, 1;
    %store/vec4 v0x5d72a4110600_0, 0, 1;
    %pushi/vec4 1, 0, 1;
    %store/vec4 v0x5d72a41107a0_0, 0, 1;
    %delay 5000, 0;
    %pushi/vec4 0, 0, 1;
    %store/vec4 v0x5d72a41107a0_0, 0, 1;
    %vpi_func 3 197 "$fopen" 32, P_0x5d72a40daf70, "w" {0 0 0};
    %store/vec4 v0x5d72a41103e0_0, 0, 32;
    %end;
    .thread T_6;
    .scope S_0x5d72a40dade0;
T_7 ;
    %wait E_0x5d72a40a69b0;
    %load/vec4 v0x5d72a4110870_0;
    %cmpi/s 5, 0, 32;
    %flag_or 5, 4; GT is !LE
    %flag_inv 5;
    %jmp/0xz  T_7.0, 5;
    %vpi_call 3 204 "$fclose", v0x5d72a41103e0_0 {0 0 0};
    %vpi_call 3 208 "$display", "Total_Time: %0t ns", $time {0 0 0};
    %vpi_call 3 209 "$finish" {0 0 0};
T_7.0 ;
    %load/vec4 v0x5d72a4110870_0;
    %addi 1, 0, 32;
    %assign/vec4 v0x5d72a4110870_0, 0;
    %jmp T_7;
    .thread T_7;
    .scope S_0x5d72a40dade0;
T_8 ;
    %wait E_0x5d72a40bc9d0;
    %load/vec4 v0x5d72a4110480_0;
    %cmpi/ne 0, 0, 32;
    %jmp/0xz  T_8.0, 4;
    %vpi_call 3 217 "$fwrite", v0x5d72a41103e0_0, "%0h\012", v0x5d72a4110540_0 {0 0 0};
    %jmp T_8.1;
T_8.0 ;
    %load/vec4 v0x5d72a4110480_0;
    %addi 1, 0, 32;
    %store/vec4 v0x5d72a4110480_0, 0, 32;
T_8.1 ;
    %jmp T_8;
    .thread T_8;
    .scope S_0x5d72a40dade0;
T_9 ;
    %delay 1000, 0;
    %load/vec4 v0x5d72a4110240_0;
    %inv;
    %store/vec4 v0x5d72a4110240_0, 0, 1;
    %jmp T_9;
    .thread T_9;
# The file index is used to find the file name in the following table.
:file_names 4;
    "N/A";
    "<interactive>";
    "src/sobel.v";
    "src/boo.v";
